<?xml version="1.0" encoding="UTF-8"?>
<!-- Generated by org.testng.reporters.JUnitReportReporter -->
<testsuite skipped="0" hostname="INLH103427" name="runner.EditLeadRunner" tests="2" failures="0" timestamp="2021-05-23T13:59:53 IST" time="29.554" errors="0">
  <testcase name="runScenario" time="13.837" classname="runner.EditLeadRunner"/>
  <system-out/>
  <testcase name="runScenario" time="15.717" classname="runner.EditLeadRunner"/>
  <system-out/>
</testsuite> <!-- runner.EditLeadRunner -->
