<?xml version="1.0" encoding="UTF-8"?>
<!-- Generated by org.testng.reporters.JUnitReportReporter -->
<testsuite skipped="0" hostname="INLH103427" name="runner.LoginRunner" tests="1" failures="0" timestamp="2021-05-22T16:20:57 IST" time="6.108" errors="0">
  <testcase name="runScenario" time="6.108" classname="runner.LoginRunner"/>
  <system-out/>
</testsuite> <!-- runner.LoginRunner -->
