<?xml version="1.0" encoding="UTF-8"?>
<!-- Generated by org.testng.reporters.JUnitReportReporter -->
<testsuite skipped="0" hostname="INLH103427" name="runner.LeadMasterRunner" tests="4" failures="0" timestamp="2021-05-23T14:05:52 IST" time="49.252" errors="0">
  <testcase name="runScenario" time="9.490" classname="runner.LeadMasterRunner"/>
  <system-out/>
  <testcase name="runScenario" time="14.538" classname="runner.LeadMasterRunner"/>
  <system-out/>
  <testcase name="runScenario" time="13.081" classname="runner.LeadMasterRunner"/>
  <system-out/>
  <testcase name="runScenario" time="12.143" classname="runner.LeadMasterRunner"/>
  <system-out/>
</testsuite> <!-- runner.LeadMasterRunner -->
