<?xml version="1.0" encoding="UTF-8"?>
<!-- Generated by org.testng.reporters.JUnitReportReporter -->
<testsuite skipped="0" hostname="INLH103427" name="runner.CreateLeadRunner" tests="2" failures="0" timestamp="2021-05-23T11:42:18 IST" time="27.223" errors="0">
  <testcase name="runScenario" time="15.412" classname="runner.CreateLeadRunner"/>
  <system-out/>
  <testcase name="runScenario" time="11.811" classname="runner.CreateLeadRunner"/>
  <system-out/>
</testsuite> <!-- runner.CreateLeadRunner -->
